Watching for file changes with StatReloader
"GET /api/reminders/create-reminder/ HTTP/1.1" 200 1119
Scheduled reminder: 39 for 2025-05-12 21:07:00+00:00
"POST /api/reminders/create-reminder/ HTTP/1.1" 302 0
"GET /api/reminders/home/ HTTP/1.1" 200 2189
C:\Users\bikash kumar sharma\OneDrive\Desktop\alarm\remind_me_later\remind_me_later\settings.py changed, reloading.
Watching for file changes with StatReloader
"GET /api/reminders/create-reminder/ HTTP/1.1" 200 1119
"POST /api/reminders/create-reminder/ HTTP/1.1" 500 59
C:\Users\bikash kumar sharma\OneDrive\Desktop\alarm\remind_me_later\remind_me_later\settings.py changed, reloading.
Watching for file changes with StatReloader
Scheduled reminder: 40 for 2025-05-13 02:41:00+00:00
"POST /api/reminders/create-reminder/ HTTP/1.1" 302 0
"GET /api/reminders/home/ HTTP/1.1" 200 2261
"GET /api/reminders/create-reminder/ HTTP/1.1" 200 1119
Scheduled reminder: 41 for 2025-05-13 02:46:00+00:00
"POST /api/reminders/create-reminder/ HTTP/1.1" 302 0
"GET /api/reminders/home/ HTTP/1.1" 200 2315
C:\Users\bikash kumar sharma\OneDrive\Desktop\alarm\remind_me_later\reminder\views.py changed, reloading.
Watching for file changes with StatReloader
C:\Users\bikash kumar sharma\OneDrive\Desktop\alarm\remind_me_later\reminder\views.py changed, reloading.
Watching for file changes with StatReloader
C:\Users\bikash kumar sharma\OneDrive\Desktop\alarm\remind_me_later\reminder\views.py changed, reloading.
Watching for file changes with StatReloader
"GET /api/reminders/create-reminder/ HTTP/1.1" 200 1119
Raw remind_at from form: 2025-05-13T03:05
Raw remind_at from form: 2025-05-13T03:05
Scheduled reminder: 44 for 2025-05-13 03:05:00+00:00
"POST /api/reminders/create-reminder/ HTTP/1.1" 302 0
"GET /api/reminders/home/ HTTP/1.1" 200 2506
C:\Users\bikash kumar sharma\OneDrive\Desktop\alarm\remind_me_later\remind_me_later\settings.py changed, reloading.
